<?xml version="1.0" encoding="UTF-8"?>
<testng-results skipped="0" failed="0" ignored="0" total="2" passed="2">
  <reporter-output>
  </reporter-output>
  <suite name="Suite" duration-ms="49422" started-at="2019-07-30T07:08:53Z" finished-at="2019-07-30T07:09:43Z">
    <groups>
    </groups>
    <test name="Test" duration-ms="49422" started-at="2019-07-30T07:08:53Z" finished-at="2019-07-30T07:09:43Z">
      <class name="com.skopic.alpha.testdata.SignInTest">
        <test-method status="PASS" signature="setUp()[pri:0, instance:com.skopic.alpha.testdata.SignInTest@475530b9]" name="setUp" is-config="true" duration-ms="16563" started-at="2019-07-30T12:38:53Z" finished-at="2019-07-30T12:39:10Z">
          <reporter-output>
          </reporter-output>
        </test-method> <!-- setUp -->
        <test-method status="PASS" signature="verifyLoginPageTitleTest()[pri:1, instance:com.skopic.alpha.testdata.SignInTest@475530b9]" name="verifyLoginPageTitleTest" duration-ms="20" started-at="2019-07-30T12:39:10Z" finished-at="2019-07-30T12:39:10Z">
          <reporter-output>
          </reporter-output>
        </test-method> <!-- verifyLoginPageTitleTest -->
        <test-method status="PASS" signature="tearDown()[pri:0, instance:com.skopic.alpha.testdata.SignInTest@475530b9]" name="tearDown" is-config="true" duration-ms="759" started-at="2019-07-30T12:39:10Z" finished-at="2019-07-30T12:39:11Z">
          <reporter-output>
          </reporter-output>
        </test-method> <!-- tearDown -->
        <test-method status="PASS" signature="setUp()[pri:0, instance:com.skopic.alpha.testdata.SignInTest@475530b9]" name="setUp" is-config="true" duration-ms="15772" started-at="2019-07-30T12:39:11Z" finished-at="2019-07-30T12:39:26Z">
          <reporter-output>
          </reporter-output>
        </test-method> <!-- setUp -->
        <test-method status="PASS" signature="loginTest()[pri:2, instance:com.skopic.alpha.testdata.SignInTest@475530b9]" name="loginTest" duration-ms="15471" started-at="2019-07-30T12:39:26Z" finished-at="2019-07-30T12:39:42Z">
          <reporter-output>
          </reporter-output>
        </test-method> <!-- loginTest -->
        <test-method status="PASS" signature="tearDown()[pri:0, instance:com.skopic.alpha.testdata.SignInTest@475530b9]" name="tearDown" is-config="true" duration-ms="801" started-at="2019-07-30T12:39:42Z" finished-at="2019-07-30T12:39:43Z">
          <reporter-output>
          </reporter-output>
        </test-method> <!-- tearDown -->
      </class> <!-- com.skopic.alpha.testdata.SignInTest -->
    </test> <!-- Test -->
  </suite> <!-- Suite -->
</testng-results>
